<?xml version="1.0" encoding="UTF-8"?>
<!-- Generated by org.testng.reporters.JUnitReportReporter -->
<testsuite hostname="MAURYANS" failures="0" tests="2" name="testScripts.TestScript" time="46.531" errors="0" timestamp="2021-10-26T16:42:44 IST" skipped="0">
  <testcase classname="testScripts.TestScript" name="setup2" time="24.245"/>
  <system-out/>
  <testcase classname="testScripts.TestScript" name="setup" time="22.286"/>
  <system-out/>
</testsuite> <!-- testScripts.TestScript -->
