<?xml version="1.0" encoding="UTF-8"?>
<!-- Generated by org.testng.reporters.JUnitReportReporter -->
<testsuite hostname="MAURYANS" failures="0" tests="1" name="testScripts.TestScript2" time="20.367" errors="0" timestamp="2021-10-26T16:31:44 IST" skipped="0">
  <testcase classname="testScripts.TestScript2" name="setup" time="20.367"/>
  <system-out/>
</testsuite> <!-- testScripts.TestScript2 -->
